android/app/build/intermediates/manifest_merge_blame_file/debug/processDebugMainManifest/manifest-merger-blame-debug-report.txt
1<?xml version="1.0" encoding="utf-8"?>
2<manifest xmlns:android="http://schemas.android.com/apk/res/android"
3    package="app.federico.traina"
4    android:versionCode="1"
5    android:versionName="1.0" >
6
7    <uses-sdk
8        android:minSdkVersion="22"
9        android:targetSdkVersion="34" />
10
11    <!-- Permissions -->
12
13    <uses-permission android:name="com.google.android.gms.permission.AD_ID" />
13-->src\main\AndroidManifest.xml:40:5-79
13-->src\main\AndroidManifest.xml:40:22-76
14    <uses-permission android:name="android.permission.SCHEDULE_EXACT_ALARM" />
14-->src\main\AndroidManifest.xml:41:5-79
14-->src\main\AndroidManifest.xml:41:22-76
15    <uses-permission android:name="android.permission.INTERNET" />
15-->src\main\AndroidManifest.xml:43:5-67
15-->src\main\AndroidManifest.xml:43:22-64
16    <uses-permission android:name="android.permission.ACCESS_NETWORK_STATE" />
16-->src\main\AndroidManifest.xml:44:5-79
16-->src\main\AndroidManifest.xml:44:22-76
17
18    <queries>
18-->[:capacitor-camera] AndroidManifest.xml:7:5-11:15
19        <intent>
19-->[:capacitor-camera] AndroidManifest.xml:8:9-10:18
20            <action android:name="android.media.action.IMAGE_CAPTURE" />
20-->[:capacitor-camera] AndroidManifest.xml:9:13-73
20-->[:capacitor-camera] AndroidManifest.xml:9:21-70
21        </intent>
22        <!-- For browser content -->
23        <intent>
23-->[com.google.android.gms:play-services-ads-lite:23.0.0] AndroidManifest.xml:38:9-44:18
24            <action android:name="android.intent.action.VIEW" />
24-->[com.google.android.gms:play-services-ads-lite:23.0.0] AndroidManifest.xml:39:13-65
24-->[com.google.android.gms:play-services-ads-lite:23.0.0] AndroidManifest.xml:39:21-62
25
26            <category android:name="android.intent.category.BROWSABLE" />
26-->[com.google.android.gms:play-services-ads-lite:23.0.0] AndroidManifest.xml:41:13-74
26-->[com.google.android.gms:play-services-ads-lite:23.0.0] AndroidManifest.xml:41:23-71
27
28            <data android:scheme="https" />
28-->[com.google.android.gms:play-services-ads-lite:23.0.0] AndroidManifest.xml:43:13-44
28-->[com.google.android.gms:play-services-ads-lite:23.0.0] AndroidManifest.xml:43:19-41
29        </intent> <!-- End of browser content -->
30        <!-- For CustomTabsService -->
31        <intent>
31-->[com.google.android.gms:play-services-ads-lite:23.0.0] AndroidManifest.xml:47:9-49:18
32            <action android:name="android.support.customtabs.action.CustomTabsService" />
32-->[com.google.android.gms:play-services-ads-lite:23.0.0] AndroidManifest.xml:48:13-90
32-->[com.google.android.gms:play-services-ads-lite:23.0.0] AndroidManifest.xml:48:21-87
33        </intent>
34    </queries>
35
36    <uses-permission android:name="android.permission.VIBRATE" />
36-->[:capacitor-haptics] AndroidManifest.xml:7:5-66
36-->[:capacitor-haptics] AndroidManifest.xml:7:22-63
37    <uses-permission android:name="android.permission.RECEIVE_BOOT_COMPLETED" />
37-->[:capacitor-local-notifications] AndroidManifest.xml:7:5-81
37-->[:capacitor-local-notifications] AndroidManifest.xml:7:22-78
38    <uses-permission android:name="android.permission.WAKE_LOCK" />
38-->[:capacitor-local-notifications] AndroidManifest.xml:8:5-68
38-->[:capacitor-local-notifications] AndroidManifest.xml:8:22-65
39    <uses-permission android:name="android.permission.POST_NOTIFICATIONS" />
39-->[:capacitor-local-notifications] AndroidManifest.xml:9:5-77
39-->[:capacitor-local-notifications] AndroidManifest.xml:9:22-74
40    <uses-permission android:name="android.permission.USE_CREDENTIALS" /> <!-- Required by older versions of Google Play services to create IID tokens -->
40-->[:codetrix-studio-capacitor-google-auth] AndroidManifest.xml:7:5-74
40-->[:codetrix-studio-capacitor-google-auth] AndroidManifest.xml:7:22-71
41    <uses-permission android:name="com.google.android.c2dm.permission.RECEIVE" />
41-->[com.google.firebase:firebase-messaging:23.3.1] AndroidManifest.xml:26:5-82
41-->[com.google.firebase:firebase-messaging:23.3.1] AndroidManifest.xml:26:22-79
42    <uses-permission android:name="android.permission.ACCESS_ADSERVICES_AD_ID" />
42-->[com.google.android.gms:play-services-ads-lite:23.0.0] AndroidManifest.xml:27:5-82
42-->[com.google.android.gms:play-services-ads-lite:23.0.0] AndroidManifest.xml:27:22-79
43    <uses-permission android:name="android.permission.ACCESS_ADSERVICES_ATTRIBUTION" />
43-->[com.google.android.gms:play-services-ads-lite:23.0.0] AndroidManifest.xml:28:5-88
43-->[com.google.android.gms:play-services-ads-lite:23.0.0] AndroidManifest.xml:28:22-85
44    <uses-permission android:name="android.permission.ACCESS_ADSERVICES_TOPICS" />
44-->[com.google.android.gms:play-services-ads-lite:23.0.0] AndroidManifest.xml:29:5-83
44-->[com.google.android.gms:play-services-ads-lite:23.0.0] AndroidManifest.xml:29:22-80
45    <uses-permission android:name="android.permission.FOREGROUND_SERVICE" />
45-->[androidx.work:work-runtime:2.7.0] AndroidManifest.xml:28:5-77
45-->[androidx.work:work-runtime:2.7.0] AndroidManifest.xml:28:22-74
46
47    <permission
47-->[androidx.core:core:1.13.0] AndroidManifest.xml:22:5-24:47
48        android:name="app.federico.traina.DYNAMIC_RECEIVER_NOT_EXPORTED_PERMISSION"
48-->[androidx.core:core:1.13.0] AndroidManifest.xml:23:9-81
49        android:protectionLevel="signature" />
49-->[androidx.core:core:1.13.0] AndroidManifest.xml:24:9-44
50
51    <uses-permission android:name="app.federico.traina.DYNAMIC_RECEIVER_NOT_EXPORTED_PERMISSION" />
51-->[androidx.core:core:1.13.0] AndroidManifest.xml:26:5-97
51-->[androidx.core:core:1.13.0] AndroidManifest.xml:26:22-94
52
53    <application
53-->src\main\AndroidManifest.xml:3:5-36:19
54        android:allowBackup="true"
54-->src\main\AndroidManifest.xml:4:9-35
55        android:appComponentFactory="androidx.core.app.CoreComponentFactory"
55-->[androidx.core:core:1.13.0] AndroidManifest.xml:28:18-86
56        android:debuggable="true"
57        android:extractNativeLibs="true"
58        android:icon="@mipmap/ic_launcher"
58-->src\main\AndroidManifest.xml:5:9-43
59        android:label="Appostu"
59-->src\main\AndroidManifest.xml:6:9-32
60        android:roundIcon="@mipmap/ic_launcher_round"
60-->src\main\AndroidManifest.xml:7:9-54
61        android:supportsRtl="true"
61-->src\main\AndroidManifest.xml:8:9-35
62        android:testOnly="true"
63        android:theme="@style/AppTheme" >
63-->src\main\AndroidManifest.xml:9:9-40
64        <activity
64-->src\main\AndroidManifest.xml:10:9-21:20
65            android:name="app.federico.traina.MainActivity"
65-->src\main\AndroidManifest.xml:12:13-41
66            android:configChanges="orientation|keyboardHidden|keyboard|screenSize|locale|smallestScreenSize|screenLayout|uiMode"
66-->src\main\AndroidManifest.xml:11:13-129
67            android:exported="true"
67-->src\main\AndroidManifest.xml:16:13-36
68            android:label="Appostu"
68-->src\main\AndroidManifest.xml:13:13-36
69            android:launchMode="singleTask"
69-->src\main\AndroidManifest.xml:15:13-44
70            android:theme="@style/AppTheme.NoActionBarLaunch" >
70-->src\main\AndroidManifest.xml:14:13-62
71            <intent-filter>
71-->src\main\AndroidManifest.xml:17:13-20:29
72                <action android:name="android.intent.action.MAIN" />
72-->src\main\AndroidManifest.xml:18:17-69
72-->src\main\AndroidManifest.xml:18:25-66
73
74                <category android:name="android.intent.category.LAUNCHER" />
74-->src\main\AndroidManifest.xml:19:17-77
74-->src\main\AndroidManifest.xml:19:27-74
75            </intent-filter>
76        </activity>
77
78        <provider
79            android:name="androidx.core.content.FileProvider"
79-->src\main\AndroidManifest.xml:24:13-62
80            android:authorities="app.federico.traina.fileprovider"
80-->src\main\AndroidManifest.xml:25:13-64
81            android:exported="false"
81-->src\main\AndroidManifest.xml:26:13-37
82            android:grantUriPermissions="true" >
82-->src\main\AndroidManifest.xml:27:13-47
83            <meta-data
83-->src\main\AndroidManifest.xml:28:13-112
84                android:name="android.support.FILE_PROVIDER_PATHS"
84-->src\main\AndroidManifest.xml:28:24-74
85                android:resource="@xml/file_paths" />
85-->src\main\AndroidManifest.xml:28:75-109
86        </provider>
87
88        <meta-data
88-->src\main\AndroidManifest.xml:30:9-33:11
89            android:name="com.google.android.gms.version"
89-->src\main\AndroidManifest.xml:31:13-58
90            android:value="@integer/google_play_services_version" />
90-->src\main\AndroidManifest.xml:32:13-66
91        <meta-data
91-->src\main\AndroidManifest.xml:35:9-116
92            android:name="com.google.android.gms.ads.APPLICATION_ID"
92-->src\main\AndroidManifest.xml:35:20-76
93            android:value="@string/admob_app_id" />
93-->src\main\AndroidManifest.xml:35:77-113
94
95        <receiver android:name="com.capacitorjs.plugins.localnotifications.TimedNotificationPublisher" />
95-->[:capacitor-local-notifications] AndroidManifest.xml:12:9-106
95-->[:capacitor-local-notifications] AndroidManifest.xml:12:19-103
96        <receiver android:name="com.capacitorjs.plugins.localnotifications.NotificationDismissReceiver" />
96-->[:capacitor-local-notifications] AndroidManifest.xml:13:9-107
96-->[:capacitor-local-notifications] AndroidManifest.xml:13:19-104
97        <receiver
97-->[:capacitor-local-notifications] AndroidManifest.xml:14:9-23:20
98            android:name="com.capacitorjs.plugins.localnotifications.LocalNotificationRestoreReceiver"
98-->[:capacitor-local-notifications] AndroidManifest.xml:15:13-103
99            android:directBootAware="true"
99-->[:capacitor-local-notifications] AndroidManifest.xml:16:13-43
100            android:exported="false" >
100-->[:capacitor-local-notifications] AndroidManifest.xml:17:13-37
101            <intent-filter>
101-->[:capacitor-local-notifications] AndroidManifest.xml:18:13-22:29
102                <action android:name="android.intent.action.LOCKED_BOOT_COMPLETED" />
102-->[:capacitor-local-notifications] AndroidManifest.xml:19:17-86
102-->[:capacitor-local-notifications] AndroidManifest.xml:19:25-83
103                <action android:name="android.intent.action.BOOT_COMPLETED" />
103-->[:capacitor-local-notifications] AndroidManifest.xml:20:17-79
103-->[:capacitor-local-notifications] AndroidManifest.xml:20:25-76
104                <action android:name="android.intent.action.QUICKBOOT_POWERON" />
104-->[:capacitor-local-notifications] AndroidManifest.xml:21:17-82
104-->[:capacitor-local-notifications] AndroidManifest.xml:21:25-79
105            </intent-filter>
106        </receiver>
107
108        <service
108-->[:capacitor-push-notifications] AndroidManifest.xml:8:9-14:19
109            android:name="com.capacitorjs.plugins.pushnotifications.MessagingService"
109-->[:capacitor-push-notifications] AndroidManifest.xml:9:13-86
110            android:exported="false" >
110-->[:capacitor-push-notifications] AndroidManifest.xml:10:13-37
111            <intent-filter>
111-->[:capacitor-push-notifications] AndroidManifest.xml:11:13-13:29
112                <action android:name="com.google.firebase.MESSAGING_EVENT" />
112-->[:capacitor-push-notifications] AndroidManifest.xml:12:17-78
112-->[:capacitor-push-notifications] AndroidManifest.xml:12:25-75
113            </intent-filter>
114        </service>
115
116        <activity
116-->[com.google.android.gms:play-services-auth:21.2.0] AndroidManifest.xml:23:9-27:75
117            android:name="com.google.android.gms.auth.api.signin.internal.SignInHubActivity"
117-->[com.google.android.gms:play-services-auth:21.2.0] AndroidManifest.xml:24:13-93
118            android:excludeFromRecents="true"
118-->[com.google.android.gms:play-services-auth:21.2.0] AndroidManifest.xml:25:13-46
119            android:exported="false"
119-->[com.google.android.gms:play-services-auth:21.2.0] AndroidManifest.xml:26:13-37
120            android:theme="@android:style/Theme.Translucent.NoTitleBar" />
120-->[com.google.android.gms:play-services-auth:21.2.0] AndroidManifest.xml:27:13-72
121        <!--
122            Service handling Google Sign-In user revocation. For apps that do not integrate with
123            Google Sign-In, this service will never be started.
124        -->
125        <service
125-->[com.google.android.gms:play-services-auth:21.2.0] AndroidManifest.xml:33:9-37:51
126            android:name="com.google.android.gms.auth.api.signin.RevocationBoundService"
126-->[com.google.android.gms:play-services-auth:21.2.0] AndroidManifest.xml:34:13-89
127            android:exported="true"
127-->[com.google.android.gms:play-services-auth:21.2.0] AndroidManifest.xml:35:13-36
128            android:permission="com.google.android.gms.auth.api.signin.permission.REVOCATION_NOTIFICATION"
128-->[com.google.android.gms:play-services-auth:21.2.0] AndroidManifest.xml:36:13-107
129            android:visibleToInstantApps="true" />
129-->[com.google.android.gms:play-services-auth:21.2.0] AndroidManifest.xml:37:13-48
130
131        <receiver
131-->[com.google.firebase:firebase-messaging:23.3.1] AndroidManifest.xml:29:9-40:20
132            android:name="com.google.firebase.iid.FirebaseInstanceIdReceiver"
132-->[com.google.firebase:firebase-messaging:23.3.1] AndroidManifest.xml:30:13-78
133            android:exported="true"
133-->[com.google.firebase:firebase-messaging:23.3.1] AndroidManifest.xml:31:13-36
134            android:permission="com.google.android.c2dm.permission.SEND" >
134-->[com.google.firebase:firebase-messaging:23.3.1] AndroidManifest.xml:32:13-73
135            <intent-filter>
135-->[com.google.firebase:firebase-messaging:23.3.1] AndroidManifest.xml:33:13-35:29
136                <action android:name="com.google.android.c2dm.intent.RECEIVE" />
136-->[com.google.firebase:firebase-messaging:23.3.1] AndroidManifest.xml:34:17-81
136-->[com.google.firebase:firebase-messaging:23.3.1] AndroidManifest.xml:34:25-78
137            </intent-filter>
138
139            <meta-data
139-->[com.google.firebase:firebase-messaging:23.3.1] AndroidManifest.xml:37:13-39:40
140                android:name="com.google.android.gms.cloudmessaging.FINISHED_AFTER_HANDLED"
140-->[com.google.firebase:firebase-messaging:23.3.1] AndroidManifest.xml:38:17-92
141                android:value="true" />
141-->[com.google.firebase:firebase-messaging:23.3.1] AndroidManifest.xml:39:17-37
142        </receiver>
143        <!--
144             FirebaseMessagingService performs security checks at runtime,
145             but set to not exported to explicitly avoid allowing another app to call it.
146        -->
147        <service
147-->[com.google.firebase:firebase-messaging:23.3.1] AndroidManifest.xml:46:9-53:19
148            android:name="com.google.firebase.messaging.FirebaseMessagingService"
148-->[com.google.firebase:firebase-messaging:23.3.1] AndroidManifest.xml:47:13-82
149            android:directBootAware="true"
149-->[com.google.firebase:firebase-messaging:23.3.1] AndroidManifest.xml:48:13-43
150            android:exported="false" >
150-->[com.google.firebase:firebase-messaging:23.3.1] AndroidManifest.xml:49:13-37
151            <intent-filter android:priority="-500" >
151-->[:capacitor-push-notifications] AndroidManifest.xml:11:13-13:29
152                <action android:name="com.google.firebase.MESSAGING_EVENT" />
152-->[:capacitor-push-notifications] AndroidManifest.xml:12:17-78
152-->[:capacitor-push-notifications] AndroidManifest.xml:12:25-75
153            </intent-filter>
154        </service>
155        <service
155-->[com.google.firebase:firebase-messaging:23.3.1] AndroidManifest.xml:54:9-63:19
156            android:name="com.google.firebase.components.ComponentDiscoveryService"
156-->[com.google.firebase:firebase-messaging:23.3.1] AndroidManifest.xml:55:13-84
157            android:directBootAware="true"
157-->[com.google.firebase:firebase-common:20.4.2] AndroidManifest.xml:32:13-43
158            android:exported="false" >
158-->[com.google.firebase:firebase-messaging:23.3.1] AndroidManifest.xml:56:13-37
159            <meta-data
159-->[com.google.firebase:firebase-messaging:23.3.1] AndroidManifest.xml:57:13-59:85
160                android:name="com.google.firebase.components:com.google.firebase.messaging.FirebaseMessagingKtxRegistrar"
160-->[com.google.firebase:firebase-messaging:23.3.1] AndroidManifest.xml:58:17-122
161                android:value="com.google.firebase.components.ComponentRegistrar" />
161-->[com.google.firebase:firebase-messaging:23.3.1] AndroidManifest.xml:59:17-82
162            <meta-data
162-->[com.google.firebase:firebase-messaging:23.3.1] AndroidManifest.xml:60:13-62:85
163                android:name="com.google.firebase.components:com.google.firebase.messaging.FirebaseMessagingRegistrar"
163-->[com.google.firebase:firebase-messaging:23.3.1] AndroidManifest.xml:61:17-119
164                android:value="com.google.firebase.components.ComponentRegistrar" />
164-->[com.google.firebase:firebase-messaging:23.3.1] AndroidManifest.xml:62:17-82
165            <meta-data
165-->[com.google.firebase:firebase-installations:17.2.0] AndroidManifest.xml:15:13-17:85
166                android:name="com.google.firebase.components:com.google.firebase.installations.FirebaseInstallationsKtxRegistrar"
166-->[com.google.firebase:firebase-installations:17.2.0] AndroidManifest.xml:16:17-130
167                android:value="com.google.firebase.components.ComponentRegistrar" />
167-->[com.google.firebase:firebase-installations:17.2.0] AndroidManifest.xml:17:17-82
168            <meta-data
168-->[com.google.firebase:firebase-installations:17.2.0] AndroidManifest.xml:18:13-20:85
169                android:name="com.google.firebase.components:com.google.firebase.installations.FirebaseInstallationsRegistrar"
169-->[com.google.firebase:firebase-installations:17.2.0] AndroidManifest.xml:19:17-127
170                android:value="com.google.firebase.components.ComponentRegistrar" />
170-->[com.google.firebase:firebase-installations:17.2.0] AndroidManifest.xml:20:17-82
171            <meta-data
171-->[com.google.firebase:firebase-common-ktx:20.4.2] AndroidManifest.xml:12:13-14:85
172                android:name="com.google.firebase.components:com.google.firebase.ktx.FirebaseCommonLegacyRegistrar"
172-->[com.google.firebase:firebase-common-ktx:20.4.2] AndroidManifest.xml:13:17-116
173                android:value="com.google.firebase.components.ComponentRegistrar" />
173-->[com.google.firebase:firebase-common-ktx:20.4.2] AndroidManifest.xml:14:17-82
174            <meta-data
174-->[com.google.firebase:firebase-common:20.4.2] AndroidManifest.xml:35:13-37:85
175                android:name="com.google.firebase.components:com.google.firebase.FirebaseCommonKtxRegistrar"
175-->[com.google.firebase:firebase-common:20.4.2] AndroidManifest.xml:36:17-109
176                android:value="com.google.firebase.components.ComponentRegistrar" />
176-->[com.google.firebase:firebase-common:20.4.2] AndroidManifest.xml:37:17-82
177            <meta-data
177-->[com.google.firebase:firebase-datatransport:18.1.7] AndroidManifest.xml:27:13-29:85
178                android:name="com.google.firebase.components:com.google.firebase.datatransport.TransportRegistrar"
178-->[com.google.firebase:firebase-datatransport:18.1.7] AndroidManifest.xml:28:17-115
179                android:value="com.google.firebase.components.ComponentRegistrar" />
179-->[com.google.firebase:firebase-datatransport:18.1.7] AndroidManifest.xml:29:17-82
180        </service>
181
182        <activity
182-->[com.google.android.gms:play-services-base:18.3.0] AndroidManifest.xml:20:9-22:45
183            android:name="com.google.android.gms.common.api.GoogleApiActivity"
183-->[com.google.android.gms:play-services-base:18.3.0] AndroidManifest.xml:20:19-85
184            android:exported="false"
184-->[com.google.android.gms:play-services-base:18.3.0] AndroidManifest.xml:22:19-43
185            android:theme="@android:style/Theme.Translucent.NoTitleBar" />
185-->[com.google.android.gms:play-services-base:18.3.0] AndroidManifest.xml:21:19-78
186
187        <provider
187-->[com.google.firebase:firebase-common:20.4.2] AndroidManifest.xml:23:9-28:39
188            android:name="com.google.firebase.provider.FirebaseInitProvider"
188-->[com.google.firebase:firebase-common:20.4.2] AndroidManifest.xml:24:13-77
189            android:authorities="app.federico.traina.firebaseinitprovider"
189-->[com.google.firebase:firebase-common:20.4.2] AndroidManifest.xml:25:13-72
190            android:directBootAware="true"
190-->[com.google.firebase:firebase-common:20.4.2] AndroidManifest.xml:26:13-43
191            android:exported="false"
191-->[com.google.firebase:firebase-common:20.4.2] AndroidManifest.xml:27:13-37
192            android:initOrder="100" />
192-->[com.google.firebase:firebase-common:20.4.2] AndroidManifest.xml:28:13-36
193
194        <uses-library
194-->[androidx.privacysandbox.ads:ads-adservices:1.0.0-beta05] AndroidManifest.xml:23:9-25:40
195            android:name="android.ext.adservices"
195-->[androidx.privacysandbox.ads:ads-adservices:1.0.0-beta05] AndroidManifest.xml:24:13-50
196            android:required="false" />
196-->[androidx.privacysandbox.ads:ads-adservices:1.0.0-beta05] AndroidManifest.xml:25:13-37
197
198        <provider
198-->[androidx.emoji2:emoji2:1.2.0] AndroidManifest.xml:24:9-32:20
199            android:name="androidx.startup.InitializationProvider"
199-->[androidx.emoji2:emoji2:1.2.0] AndroidManifest.xml:25:13-67
200            android:authorities="app.federico.traina.androidx-startup"
200-->[androidx.emoji2:emoji2:1.2.0] AndroidManifest.xml:26:13-68
201            android:exported="false" >
201-->[androidx.emoji2:emoji2:1.2.0] AndroidManifest.xml:27:13-37
202            <meta-data
202-->[androidx.emoji2:emoji2:1.2.0] AndroidManifest.xml:29:13-31:52
203                android:name="androidx.emoji2.text.EmojiCompatInitializer"
203-->[androidx.emoji2:emoji2:1.2.0] AndroidManifest.xml:30:17-75
204                android:value="androidx.startup" />
204-->[androidx.emoji2:emoji2:1.2.0] AndroidManifest.xml:31:17-49
205            <meta-data
205-->[androidx.work:work-runtime:2.7.0] AndroidManifest.xml:36:13-38:52
206                android:name="androidx.work.WorkManagerInitializer"
206-->[androidx.work:work-runtime:2.7.0] AndroidManifest.xml:37:17-68
207                android:value="androidx.startup" />
207-->[androidx.work:work-runtime:2.7.0] AndroidManifest.xml:38:17-49
208            <meta-data
208-->[androidx.lifecycle:lifecycle-process:2.6.2] AndroidManifest.xml:29:13-31:52
209                android:name="androidx.lifecycle.ProcessLifecycleInitializer"
209-->[androidx.lifecycle:lifecycle-process:2.6.2] AndroidManifest.xml:30:17-78
210                android:value="androidx.startup" />
210-->[androidx.lifecycle:lifecycle-process:2.6.2] AndroidManifest.xml:31:17-49
211            <meta-data
211-->[androidx.profileinstaller:profileinstaller:1.3.0] AndroidManifest.xml:29:13-31:52
212                android:name="androidx.profileinstaller.ProfileInstallerInitializer"
212-->[androidx.profileinstaller:profileinstaller:1.3.0] AndroidManifest.xml:30:17-85
213                android:value="androidx.startup" />
213-->[androidx.profileinstaller:profileinstaller:1.3.0] AndroidManifest.xml:31:17-49
214        </provider> <!-- Include the AdActivity and InAppPurchaseActivity configChanges and themes. -->
215        <activity
215-->[com.google.android.gms:play-services-ads-lite:23.0.0] AndroidManifest.xml:56:9-61:43
216            android:name="com.google.android.gms.ads.AdActivity"
216-->[com.google.android.gms:play-services-ads-lite:23.0.0] AndroidManifest.xml:57:13-65
217            android:configChanges="keyboard|keyboardHidden|orientation|screenLayout|uiMode|screenSize|smallestScreenSize"
217-->[com.google.android.gms:play-services-ads-lite:23.0.0] AndroidManifest.xml:58:13-122
218            android:exported="false"
218-->[com.google.android.gms:play-services-ads-lite:23.0.0] AndroidManifest.xml:59:13-37
219            android:theme="@android:style/Theme.Translucent" />
219-->[com.google.android.gms:play-services-ads-lite:23.0.0] AndroidManifest.xml:60:13-61
220
221        <provider
221-->[com.google.android.gms:play-services-ads-lite:23.0.0] AndroidManifest.xml:63:9-68:43
222            android:name="com.google.android.gms.ads.MobileAdsInitProvider"
222-->[com.google.android.gms:play-services-ads-lite:23.0.0] AndroidManifest.xml:64:13-76
223            android:authorities="app.federico.traina.mobileadsinitprovider"
223-->[com.google.android.gms:play-services-ads-lite:23.0.0] AndroidManifest.xml:65:13-73
224            android:exported="false"
224-->[com.google.android.gms:play-services-ads-lite:23.0.0] AndroidManifest.xml:66:13-37
225            android:initOrder="100" />
225-->[com.google.android.gms:play-services-ads-lite:23.0.0] AndroidManifest.xml:67:13-36
226
227        <service
227-->[com.google.android.gms:play-services-ads-lite:23.0.0] AndroidManifest.xml:70:9-74:43
228            android:name="com.google.android.gms.ads.AdService"
228-->[com.google.android.gms:play-services-ads-lite:23.0.0] AndroidManifest.xml:71:13-64
229            android:enabled="true"
229-->[com.google.android.gms:play-services-ads-lite:23.0.0] AndroidManifest.xml:72:13-35
230            android:exported="false" />
230-->[com.google.android.gms:play-services-ads-lite:23.0.0] AndroidManifest.xml:73:13-37
231
232        <activity
232-->[com.google.android.gms:play-services-ads-lite:23.0.0] AndroidManifest.xml:76:9-80:43
233            android:name="com.google.android.gms.ads.OutOfContextTestingActivity"
233-->[com.google.android.gms:play-services-ads-lite:23.0.0] AndroidManifest.xml:77:13-82
234            android:configChanges="keyboard|keyboardHidden|orientation|screenLayout|uiMode|screenSize|smallestScreenSize"
234-->[com.google.android.gms:play-services-ads-lite:23.0.0] AndroidManifest.xml:78:13-122
235            android:exported="false" />
235-->[com.google.android.gms:play-services-ads-lite:23.0.0] AndroidManifest.xml:79:13-37
236        <activity
236-->[com.google.android.gms:play-services-ads-lite:23.0.0] AndroidManifest.xml:81:9-88:43
237            android:name="com.google.android.gms.ads.NotificationHandlerActivity"
237-->[com.google.android.gms:play-services-ads-lite:23.0.0] AndroidManifest.xml:82:13-82
238            android:excludeFromRecents="true"
238-->[com.google.android.gms:play-services-ads-lite:23.0.0] AndroidManifest.xml:83:13-46
239            android:exported="false"
239-->[com.google.android.gms:play-services-ads-lite:23.0.0] AndroidManifest.xml:84:13-37
240            android:launchMode="singleTask"
240-->[com.google.android.gms:play-services-ads-lite:23.0.0] AndroidManifest.xml:85:13-44
241            android:taskAffinity=""
241-->[com.google.android.gms:play-services-ads-lite:23.0.0] AndroidManifest.xml:86:13-36
242            android:theme="@android:style/Theme.Translucent.NoTitleBar" />
242-->[com.google.android.gms:play-services-ads-lite:23.0.0] AndroidManifest.xml:87:13-72
243
244        <property
244-->[com.google.android.gms:play-services-ads-lite:23.0.0] AndroidManifest.xml:90:9-92:62
245            android:name="android.adservices.AD_SERVICES_CONFIG"
245-->[com.google.android.gms:play-services-ads-lite:23.0.0] AndroidManifest.xml:91:13-65
246            android:resource="@xml/gma_ad_services_config" />
246-->[com.google.android.gms:play-services-ads-lite:23.0.0] AndroidManifest.xml:92:13-59
247
248        <service
248-->[androidx.work:work-runtime:2.7.0] AndroidManifest.xml:41:9-46:35
249            android:name="androidx.work.impl.background.systemalarm.SystemAlarmService"
249-->[androidx.work:work-runtime:2.7.0] AndroidManifest.xml:42:13-88
250            android:directBootAware="false"
250-->[androidx.work:work-runtime:2.7.0] AndroidManifest.xml:43:13-44
251            android:enabled="@bool/enable_system_alarm_service_default"
251-->[androidx.work:work-runtime:2.7.0] AndroidManifest.xml:44:13-72
252            android:exported="false" />
252-->[androidx.work:work-runtime:2.7.0] AndroidManifest.xml:45:13-37
253        <service
253-->[androidx.work:work-runtime:2.7.0] AndroidManifest.xml:47:9-53:35
254            android:name="androidx.work.impl.background.systemjob.SystemJobService"
254-->[androidx.work:work-runtime:2.7.0] AndroidManifest.xml:48:13-84
255            android:directBootAware="false"
255-->[androidx.work:work-runtime:2.7.0] AndroidManifest.xml:49:13-44
256            android:enabled="@bool/enable_system_job_service_default"
256-->[androidx.work:work-runtime:2.7.0] AndroidManifest.xml:50:13-70
257            android:exported="true"
257-->[androidx.work:work-runtime:2.7.0] AndroidManifest.xml:51:13-36
258            android:permission="android.permission.BIND_JOB_SERVICE" />
258-->[androidx.work:work-runtime:2.7.0] AndroidManifest.xml:52:13-69
259        <service
259-->[androidx.work:work-runtime:2.7.0] AndroidManifest.xml:54:9-59:35
260            android:name="androidx.work.impl.foreground.SystemForegroundService"
260-->[androidx.work:work-runtime:2.7.0] AndroidManifest.xml:55:13-81
261            android:directBootAware="false"
261-->[androidx.work:work-runtime:2.7.0] AndroidManifest.xml:56:13-44
262            android:enabled="@bool/enable_system_foreground_service_default"
262-->[androidx.work:work-runtime:2.7.0] AndroidManifest.xml:57:13-77
263            android:exported="false" />
263-->[androidx.work:work-runtime:2.7.0] AndroidManifest.xml:58:13-37
264
265        <receiver
265-->[androidx.work:work-runtime:2.7.0] AndroidManifest.xml:61:9-66:35
266            android:name="androidx.work.impl.utils.ForceStopRunnable$BroadcastReceiver"
266-->[androidx.work:work-runtime:2.7.0] AndroidManifest.xml:62:13-88
267            android:directBootAware="false"